11:48:27.293 [main] INFO  testCases.TC001_HomePage - ***** Starting TC001 *****
11:48:27.304 [main] INFO  testCases.TC001_HomePage - User searches for BookShelves
11:48:33.091 [main] INFO  testCases.TC002_BookShelves - ***** Starting TC002 *****
11:48:34.655 [main] INFO  testCases.TC002_BookShelves - The PopUp is closed
11:48:36.541 [main] INFO  testCases.TC002_BookShelves - User selects the BookShelves from Category
11:48:39.032 [main] INFO  testCases.TC002_BookShelves - User selects the Price range from the Slider
11:48:40.570 [main] INFO  testCases.TC002_BookShelves - User selects the Out Of Stock options
11:48:41.806 [main] INFO  testCases.TC002_BookShelves - User selects the Order from Recommended
11:48:48.861 [main] INFO  testCases.TC002_BookShelves - User prints the details of First three Products
11:48:49.420 [main] INFO  testCases.TC003_Living - ***** Starting TC003 *****
11:48:49.792 [main] INFO  testCases.TC003_Living - The User checks the options available in the Living Sub Menu
11:48:54.784 [main] INFO  testCases.TC003_Living - The User prints the details available in the Living sub menu
11:49:03.013 [main] INFO  testCases.TC003_Living - The User clicks the Gift Card options
11:49:04.232 [main] INFO  testCases.TC004_GiftCards - ***** Starting TC004 *****
11:49:04.927 [main] INFO  testCases.TC004_GiftCards - The user selects the Birthday GiftCard
11:49:05.589 [main] INFO  testCases.TC004_GiftCards - The user selects the Price
11:49:06.597 [main] INFO  testCases.TC004_GiftCards - The user selects the Date
11:49:07.148 [main] INFO  testCases.TC004_GiftCards - The user selects Next
11:49:09.688 [main] INFO  testCases.TC005_ValidatingGiftCardDetails - The user enters To's Details 
11:49:11.289 [main] INFO  testCases.TC005_ValidatingGiftCardDetails - The user enters From's Details 
11:49:14.484 [main] INFO  testCases.TC005_ValidatingGiftCardDetails - The user clicks confirm after entering invalid email address and checks for error message
11:49:19.016 [main] INFO  testCases.TC005_ValidatingGiftCardDetails - The user enters To's Details 
11:49:20.125 [main] INFO  testCases.TC005_ValidatingGiftCardDetails - The user enters From's Details 
11:49:23.369 [main] INFO  testCases.TC005_ValidatingGiftCardDetails - The user clicks confirm after entering valid email address and checks for Confirmation
